********************************************************************************
DUPLICATOR-LITE PACKAGE-LOG: 7 October 2018 3:05 pm
NOTICE: Do NOT post to public sites or forums 
********************************************************************************
VERSION:	1.2.48
WORDPRESS:	4.9.8
PHP INFO:	7.0.13 | SAPI: apache2handler
SERVER:		Apache/2.2.31 (Win32) DAV/2 mod_ssl/2.2.31 OpenSSL/1.0.2e mod_fcgid/2.3.9 mod_wsgi/3.4 Python/2.7.6 PHP/7.0.13 mod_perl/2.0.8 Perl/v5.16.3 
PHP TIME LIMIT: (0) no time limit imposed 
PHP MAX MEMORY: 2048M (128M default) 
MEMORY STACK: 16MB 

********************************************************************************
DATABASE:
********************************************************************************
BUILD MODE:   PHP(query limit - 100)
MYSQLTIMEOUT: 5000
MYSQLDUMP:    Not Supported 
TABLES: total:13 | filtered:0 | create:13 
FILTERED: [] 
SQL CREATED: 20181007_boonaertcv_493882d1f39f64d13389_20181007150448_database.sql 
SQL FILE SIZE: 170.21KB (174292) 
SQL FILE TIME: 2018-10-07 15:05:00 
SQL RUNTIME: 0.55 sec. 

******************************************************************************** 
ARCHIVE (ZIP): 
******************************************************************************** 
ARCHIVE DIR:  C:/MAMP/htdocs/sites/wordpress 
ARCHIVE FILE: 20181007_boonaertcv_493882d1f39f64d13389_20181007150448_archive.zip 
FILTERS: *OFF* 
DIRS:
	not set 
FILES:
	not set 
EXTS:  not set 
---------------------------------------- 
COMPRESSING 
SIZE:	33.86MB 
STATS:	Dirs 227 | Files 1,818 
SQL ADDED: 20181007_boonaertcv_493882d1f39f64d13389_20181007150448_database.sql 
ZipArchive Object
(
    [status] => 0
    [statusSys] => 0
    [numFiles] => 2045
    [filename] => C:\MAMP\htdocs\sites\wordpress\wp-snapshots\tmp\20181007_boonaertcv_493882d1f39f64d13389_20181007150448_archive.zip
    [comment] => 
)
 
COMPRESSION RESULT: '1' 
COMPRESSED SIZE: 11.77MB 
ARCHIVE RUNTIME: 23.52 sec. 
MEMORY STACK: 16MB 

******************************************************************************** 
MAKE INSTALLER: 
******************************************************************************** 
Build Start 
Build Finished 
Preparing for use 
PACK SIZE:  
Template parsed with new data 
Complete [C:/MAMP/htdocs/sites/wordpress/wp-snapshots/tmp/20181007_boonaertcv_493882d1f39f64d13389_20181007150448_installer.php] 
Added to archive 

******************************************************************************** 
INTEGRITY CHECKS: 
******************************************************************************** 
SQL File: 170.21KB 
Installer File: 474.16KB 
Archive File: 11.77MB  

********************************************************************************
RECORD ID:[1]
TOTAL PROCESS RUNTIME: 33.78 sec.
PEAK PHP MEMORY USED: 18MB
DONE PROCESSING => 20181007_boonaertcv 7 October 2018 3:05 pm
 
